[Sat Mar 16 04:26:32 2013] [info] Listening at "http://*:3000".
[Sat Mar 16 04:26:42 2013] [debug] Your secret passphrase needs to be changed!!!
[Sat Mar 16 04:26:42 2013] [debug] GET / (Mozilla/4.0 (compatible; MSIE 8.0; Windows NT 5.1; Trident/4.0; BTRS124349; GTB7.4; .NET4.0C; .NET4.0E; .NET CLR 2.0.50727; .NET CLR 3.0.4506.2152; .NET CLR 3.5.30729)).
[Sat Mar 16 04:26:42 2013] [debug] Routing to controller "MojoHel::Web::Example" and action "welcome".
[Sat Mar 16 04:26:42 2013] [debug] Action not found in controller.
[Sat Mar 16 04:26:42 2013] [debug] Rendering template "example/welcome.html.ep".
[Sat Mar 16 04:26:42 2013] [error] Global symbol "$message" requires explicit package name at template "example/welcome.html.ep" line 3, near "This page was generated from the template "templates/example/welcome.html.ep"".
1: % layout 'default';
2: % title 'Welcome';
3: <h2><%= $message %></h2>
4: This page was generated from the template "templates/example/welcome.html.ep"
5: and the layout "templates/layouts/default.html.ep",
6: <a href="<%== url_for %>">click here</a> to reload the page or
7: <a href="/index.html">here</a> to move forward to a static page.

[Sat Mar 16 04:26:42 2013] [debug] Template "exception.development.html.ep" not found.
[Sat Mar 16 04:26:42 2013] [debug] Template "exception.html.ep" not found.
[Sat Mar 16 04:26:42 2013] [debug] Rendering inline template.
[Sat Mar 16 04:26:42 2013] [debug] Rendering inline template.
[Sat Mar 16 04:26:42 2013] [debug] 500 Internal Server Error (0.094420s, 10.591/s).
[Sat Mar 16 04:26:53 2013] [debug] GET /images/favicon.ico (Mozilla/4.0 (compatible; MSIE 8.0; Windows NT 5.1; Trident/4.0; BTRS124349; GTB7.4; .NET4.0C; .NET4.0E; .NET CLR 2.0.50727; .NET CLR 3.0.4506.2152; .NET CLR 3.5.30729)).
[Sat Mar 16 04:26:53 2013] [debug] Template "not_found.development.html.ep" not found.
[Sat Mar 16 04:26:53 2013] [debug] Template "not_found.html.ep" not found.
[Sat Mar 16 04:26:53 2013] [debug] Rendering inline template.
[Sat Mar 16 04:26:53 2013] [debug] Rendering inline template.
[Sat Mar 16 04:26:53 2013] [debug] 404 Not Found (0.029354s, 34.067/s).
[Sat Mar 16 04:30:25 2013] [debug] GET /images/favicon.ico (Mozilla/4.0 (compatible; MSIE 8.0; Windows NT 5.1; Trident/4.0; BTRS124349; GTB7.4; .NET4.0C; .NET4.0E; .NET CLR 2.0.50727; .NET CLR 3.0.4506.2152; .NET CLR 3.5.30729)).
[Sat Mar 16 04:30:25 2013] [debug] Template "not_found.development.html.ep" not found.
[Sat Mar 16 04:30:25 2013] [debug] Template "not_found.html.ep" not found.
[Sat Mar 16 04:30:25 2013] [debug] Rendering cached inline template.
[Sat Mar 16 04:30:25 2013] [debug] Rendering cached inline template.
[Sat Mar 16 04:30:25 2013] [debug] 404 Not Found (0.011586s, 86.311/s).
[Sat Mar 16 04:30:36 2013] [debug] GET /images/favicon.ico (Mozilla/4.0 (compatible; MSIE 8.0; Windows NT 5.1; Trident/4.0; BTRS124349; GTB7.4; .NET4.0C; .NET4.0E; .NET CLR 2.0.50727; .NET CLR 3.0.4506.2152; .NET CLR 3.5.30729)).
[Sat Mar 16 04:30:36 2013] [debug] Template "not_found.development.html.ep" not found.
[Sat Mar 16 04:30:36 2013] [debug] Template "not_found.html.ep" not found.
[Sat Mar 16 04:30:36 2013] [debug] Rendering cached inline template.
[Sat Mar 16 04:30:36 2013] [debug] Rendering cached inline template.
[Sat Mar 16 04:30:36 2013] [debug] 404 Not Found (0.011476s, 87.138/s).
[Sat Mar 16 04:31:23 2013] [debug] GET /images/favicon.ico (Mozilla/4.0 (compatible; MSIE 8.0; Windows NT 5.1; Trident/4.0; BTRS124349; GTB7.4; .NET4.0C; .NET4.0E; .NET CLR 2.0.50727; .NET CLR 3.0.4506.2152; .NET CLR 3.5.30729)).
[Sat Mar 16 04:31:23 2013] [debug] Template "not_found.development.html.ep" not found.
[Sat Mar 16 04:31:23 2013] [debug] Template "not_found.html.ep" not found.
[Sat Mar 16 04:31:23 2013] [debug] Rendering cached inline template.
[Sat Mar 16 04:31:23 2013] [debug] Rendering cached inline template.
[Sat Mar 16 04:31:23 2013] [debug] 404 Not Found (0.011551s, 86.573/s).
[Sat Mar 16 04:31:24 2013] [debug] GET /images/favicon.ico (Mozilla/4.0 (compatible; MSIE 8.0; Windows NT 5.1; Trident/4.0; BTRS124349; GTB7.4; .NET4.0C; .NET4.0E; .NET CLR 2.0.50727; .NET CLR 3.0.4506.2152; .NET CLR 3.5.30729)).
[Sat Mar 16 04:31:24 2013] [debug] Template "not_found.development.html.ep" not found.
[Sat Mar 16 04:31:24 2013] [debug] Template "not_found.html.ep" not found.
[Sat Mar 16 04:31:24 2013] [debug] Rendering cached inline template.
[Sat Mar 16 04:31:24 2013] [debug] Rendering cached inline template.
[Sat Mar 16 04:31:24 2013] [debug] 404 Not Found (0.011457s, 87.283/s).
[Sat Mar 16 04:31:24 2013] [debug] GET /images/favicon.ico (Mozilla/4.0 (compatible; MSIE 8.0; Windows NT 5.1; Trident/4.0; BTRS124349; GTB7.4; .NET4.0C; .NET4.0E; .NET CLR 2.0.50727; .NET CLR 3.0.4506.2152; .NET CLR 3.5.30729)).
[Sat Mar 16 04:31:24 2013] [debug] Template "not_found.development.html.ep" not found.
[Sat Mar 16 04:31:24 2013] [debug] Template "not_found.html.ep" not found.
[Sat Mar 16 04:31:24 2013] [debug] Rendering cached inline template.
[Sat Mar 16 04:31:24 2013] [debug] Rendering cached inline template.
[Sat Mar 16 04:31:24 2013] [debug] 404 Not Found (0.011523s, 86.783/s).
[Sat Mar 16 04:31:24 2013] [debug] GET /images/favicon.ico (Mozilla/4.0 (compatible; MSIE 8.0; Windows NT 5.1; Trident/4.0; BTRS124349; GTB7.4; .NET4.0C; .NET4.0E; .NET CLR 2.0.50727; .NET CLR 3.0.4506.2152; .NET CLR 3.5.30729)).
[Sat Mar 16 04:31:24 2013] [debug] Template "not_found.development.html.ep" not found.
[Sat Mar 16 04:31:24 2013] [debug] Template "not_found.html.ep" not found.
[Sat Mar 16 04:31:24 2013] [debug] Rendering cached inline template.
[Sat Mar 16 04:31:24 2013] [debug] Rendering cached inline template.
[Sat Mar 16 04:31:24 2013] [debug] 404 Not Found (0.011562s, 86.490/s).
[Sat Mar 16 04:31:49 2013] [debug] GET /images/favicon.ico (Mozilla/4.0 (compatible; MSIE 8.0; Windows NT 5.1; Trident/4.0; BTRS124349; GTB7.4; .NET4.0C; .NET4.0E; .NET CLR 2.0.50727; .NET CLR 3.0.4506.2152; .NET CLR 3.5.30729)).
[Sat Mar 16 04:31:49 2013] [debug] Template "not_found.development.html.ep" not found.
[Sat Mar 16 04:31:49 2013] [debug] Template "not_found.html.ep" not found.
[Sat Mar 16 04:31:49 2013] [debug] Rendering cached inline template.
[Sat Mar 16 04:31:49 2013] [debug] Rendering cached inline template.
[Sat Mar 16 04:31:49 2013] [debug] 404 Not Found (0.011500s, 86.957/s).
[Sat Mar 16 04:32:04 2013] [debug] GET /images/favicon.ico (Mozilla/4.0 (compatible; MSIE 8.0; Windows NT 5.1; Trident/4.0; BTRS124349; GTB7.4; .NET4.0C; .NET4.0E; .NET CLR 2.0.50727; .NET CLR 3.0.4506.2152; .NET CLR 3.5.30729)).
[Sat Mar 16 04:32:04 2013] [debug] Template "not_found.development.html.ep" not found.
[Sat Mar 16 04:32:04 2013] [debug] Template "not_found.html.ep" not found.
[Sat Mar 16 04:32:04 2013] [debug] Rendering cached inline template.
[Sat Mar 16 04:32:04 2013] [debug] Rendering cached inline template.
[Sat Mar 16 04:32:04 2013] [debug] 404 Not Found (0.011539s, 86.663/s).
[Sat Mar 16 04:32:48 2013] [debug] GET /images/favicon.ico (Mozilla/4.0 (compatible; MSIE 8.0; Windows NT 5.1; Trident/4.0; BTRS124349; GTB7.4; .NET4.0C; .NET4.0E; .NET CLR 2.0.50727; .NET CLR 3.0.4506.2152; .NET CLR 3.5.30729)).
[Sat Mar 16 04:32:48 2013] [debug] Template "not_found.development.html.ep" not found.
[Sat Mar 16 04:32:48 2013] [debug] Template "not_found.html.ep" not found.
[Sat Mar 16 04:32:48 2013] [debug] Rendering cached inline template.
[Sat Mar 16 04:32:48 2013] [debug] Rendering cached inline template.
[Sat Mar 16 04:32:48 2013] [debug] 404 Not Found (0.011726s, 85.281/s).
[Sat Mar 16 04:34:08 2013] [debug] GET /images/favicon.ico (Mozilla/4.0 (compatible; MSIE 8.0; Windows NT 5.1; Trident/4.0; BTRS124349; GTB7.4; .NET4.0C; .NET4.0E; .NET CLR 2.0.50727; .NET CLR 3.0.4506.2152; .NET CLR 3.5.30729)).
[Sat Mar 16 04:34:08 2013] [debug] Template "not_found.development.html.ep" not found.
[Sat Mar 16 04:34:08 2013] [debug] Template "not_found.html.ep" not found.
[Sat Mar 16 04:34:08 2013] [debug] Rendering cached inline template.
[Sat Mar 16 04:34:08 2013] [debug] Rendering cached inline template.
[Sat Mar 16 04:34:08 2013] [debug] 404 Not Found (0.012728s, 78.567/s).
[Sat Mar 16 04:35:38 2013] [debug] GET /images/favicon.ico (Mozilla/4.0 (compatible; MSIE 8.0; Windows NT 5.1; Trident/4.0; BTRS124349; GTB7.4; .NET4.0C; .NET4.0E; .NET CLR 2.0.50727; .NET CLR 3.0.4506.2152; .NET CLR 3.5.30729)).
[Sat Mar 16 04:35:38 2013] [debug] Template "not_found.development.html.ep" not found.
[Sat Mar 16 04:35:38 2013] [debug] Template "not_found.html.ep" not found.
[Sat Mar 16 04:35:38 2013] [debug] Rendering cached inline template.
[Sat Mar 16 04:35:38 2013] [debug] Rendering cached inline template.
[Sat Mar 16 04:35:38 2013] [debug] 404 Not Found (0.011559s, 86.513/s).
[Sat Mar 16 04:36:02 2013] [debug] GET /images/favicon.ico (Mozilla/4.0 (compatible; MSIE 8.0; Windows NT 5.1; Trident/4.0; BTRS124349; GTB7.4; .NET4.0C; .NET4.0E; .NET CLR 2.0.50727; .NET CLR 3.0.4506.2152; .NET CLR 3.5.30729)).
[Sat Mar 16 04:36:02 2013] [debug] Template "not_found.development.html.ep" not found.
[Sat Mar 16 04:36:02 2013] [debug] Template "not_found.html.ep" not found.
[Sat Mar 16 04:36:02 2013] [debug] Rendering cached inline template.
[Sat Mar 16 04:36:02 2013] [debug] Rendering cached inline template.
[Sat Mar 16 04:36:02 2013] [debug] 404 Not Found (0.011845s, 84.424/s).
[Sat Mar 16 04:36:06 2013] [debug] GET /document.html (Mozilla/4.0 (compatible; MSIE 8.0; Windows NT 5.1; Trident/4.0; BTRS124349; GTB7.4; .NET4.0C; .NET4.0E; .NET CLR 2.0.50727; .NET CLR 3.0.4506.2152; .NET CLR 3.5.30729)).
[Sat Mar 16 04:36:06 2013] [debug] Template "not_found.development.html.ep" not found.
[Sat Mar 16 04:36:06 2013] [debug] Template "not_found.html.ep" not found.
[Sat Mar 16 04:36:06 2013] [debug] Rendering cached inline template.
[Sat Mar 16 04:36:06 2013] [debug] Rendering cached inline template.
[Sat Mar 16 04:36:06 2013] [debug] 404 Not Found (0.010412s, 96.043/s).
